Arguments: 
  /usr/local/bin/node /usr/local/bin/yarn add axios

PATH: 
  /Users/taeyoon/.rvm/gems/ruby-3.0.0/bin:/Users/taeyoon/.rvm/gems/ruby-3.0.0@global/bin:/Users/taeyoon/.rvm/rubies/ruby-3.0.0/bin:/opt/homebrew/bin:/opt/homebrew/sbin:/usr/local/bin:/usr/bin:/bin:/usr/sbin:/sbin:/Users/taeyoon/.rvm/gems/ruby-3.0.0/bin:/Users/taeyoon/.rvm/gems/ruby-3.0.0@global/bin:/Users/taeyoon/.rvm/rubies/ruby-3.0.0/bin:/opt/homebrew/bin:/opt/homebrew/sbin:/Users/taeyoon/.rvm/bin

Yarn version: 
  1.22.19

Node version: 
  16.16.0

Platform: 
  darwin arm64

Trace: 
  SyntaxError: /Users/taeyoon/Desktop/codecamp-backend-class/class/section03/03-08-async-await/package.json: Unexpected string in JSON at position 98
      at JSON.parse (<anonymous>)
      at /usr/local/lib/node_modules/yarn/lib/cli.js:1629:59
      at Generator.next (<anonymous>)
      at step (/usr/local/lib/node_modules/yarn/lib/cli.js:310:30)
      at /usr/local/lib/node_modules/yarn/lib/cli.js:321:13

npm manifest: 
  {
    "name": "03-08-async-await",
    "version": "1.0.0",
    "main": "index.js",
    "license": "MIT"
    "type": "module"
  }

yarn manifest: 
  No manifest

Lockfile: 
  No lockfile
